Determining if the pthread_create exist failed with the following output:
Change Dir: /home/mrok/Pulpit/GRA/gtests/CMakeFiles/CMakeTmp

Run Build Command:"/usr/bin/make" "cmTC_8c682/fast"
/usr/bin/make -f CMakeFiles/cmTC_8c682.dir/build.make CMakeFiles/cmTC_8c682.dir/build
make[1]: Wejście do katalogu '/home/mrok/Pulpit/GRA/gtests/CMakeFiles/CMakeTmp'
Building C object CMakeFiles/cmTC_8c682.dir/CheckSymbolExists.c.o
/usr/bin/cc     -o CMakeFiles/cmTC_8c682.dir/CheckSymbolExists.c.o   -c /home/mrok/Pulpit/GRA/gtests/CMakeFiles/CMakeTmp/CheckSymbolExists.c
Linking C executable cmTC_8c682
/usr/bin/cmake -E cmake_link_script CMakeFiles/cmTC_8c682.dir/link.txt --verbose=1
/usr/bin/cc       CMakeFiles/cmTC_8c682.dir/CheckSymbolExists.c.o  -o cmTC_8c682 -rdynamic 
CMakeFiles/cmTC_8c682.dir/CheckSymbolExists.c.o: In function `main':
CheckSymbolExists.c:(.text+0x16): undefined reference to `pthread_create'
collect2: error: ld returned 1 exit status
CMakeFiles/cmTC_8c682.dir/build.make:97: polecenia dla obiektu 'cmTC_8c682' nie powiodły się
make[1]: *** [cmTC_8c682] Błąd 1
make[1]: Opuszczenie katalogu '/home/mrok/Pulpit/GRA/gtests/CMakeFiles/CMakeTmp'
Makefile:126: polecenia dla obiektu 'cmTC_8c682/fast' nie powiodły się
make: *** [cmTC_8c682/fast] Błąd 2

File /home/mrok/Pulpit/GRA/gtests/CMakeFiles/CMakeTmp/CheckSymbolExists.c:
/* */
#include <pthread.h>

int main(int argc, char** argv)
{
  (void)argv;
#ifndef pthread_create
  return ((int*)(&pthread_create))[argc];
#else
  (void)argc;
  return 0;
#endif
}

Determining if the function pthread_create exists in the pthreads failed with the following output:
Change Dir: /home/mrok/Pulpit/GRA/gtests/CMakeFiles/CMakeTmp

Run Build Command:"/usr/bin/make" "cmTC_c9636/fast"
/usr/bin/make -f CMakeFiles/cmTC_c9636.dir/build.make CMakeFiles/cmTC_c9636.dir/build
make[1]: Wejście do katalogu '/home/mrok/Pulpit/GRA/gtests/CMakeFiles/CMakeTmp'
Building C object CMakeFiles/cmTC_c9636.dir/CheckFunctionExists.c.o
/usr/bin/cc    -DCHECK_FUNCTION_EXISTS=pthread_create   -o CMakeFiles/cmTC_c9636.dir/CheckFunctionExists.c.o   -c /usr/share/cmake-3.5/Modules/CheckFunctionExists.c
Linking C executable cmTC_c9636
/usr/bin/cmake -E cmake_link_script CMakeFiles/cmTC_c9636.dir/link.txt --verbose=1
/usr/bin/cc   -DCHECK_FUNCTION_EXISTS=pthread_create    CMakeFiles/cmTC_c9636.dir/CheckFunctionExists.c.o  -o cmTC_c9636 -rdynamic -lpthreads 
/usr/bin/ld: cannot find -lpthreads
collect2: error: ld returned 1 exit status
CMakeFiles/cmTC_c9636.dir/build.make:97: polecenia dla obiektu 'cmTC_c9636' nie powiodły się
make[1]: *** [cmTC_c9636] Błąd 1
make[1]: Opuszczenie katalogu '/home/mrok/Pulpit/GRA/gtests/CMakeFiles/CMakeTmp'
Makefile:126: polecenia dla obiektu 'cmTC_c9636/fast' nie powiodły się
make: *** [cmTC_c9636/fast] Błąd 2


